2016-06-15 09:39:30,706 [Worker-5] INFO  o.e.m.c.i.l.LifecycleMappingFactory - Using org.eclipse.m2e.jdt.JarLifecycleMapping lifecycle mapping for MavenProject: com.games.app:games:0.0.1-SNAPSHOT @ /Users/torben/Documents/VS/games/pom.xml.
2016-06-15 09:39:30,707 [Worker-6] INFO  o.e.m.c.i.l.LifecycleMappingFactory - Using org.eclipse.m2e.jdt.JarLifecycleMapping lifecycle mapping for MavenProject: com.games.app:games:0.0.1-SNAPSHOT @ /Users/torben/Documents/VS/games/pom.xml.
2016-06-15 09:39:33,960 [Worker-5] WARN  o.e.m.c.i.embedder.EclipseLogger - Using platform encoding (UTF-8 actually) to copy filtered resources, i.e. build is platform dependent!
2016-06-15 09:39:33,970 [Worker-5] INFO  o.e.m.c.i.embedder.EclipseLogger - Copying 0 resource
2016-06-15 09:39:33,977 [Worker-5] WARN  o.e.m.c.i.embedder.EclipseLogger - Using platform encoding (UTF-8 actually) to copy filtered resources, i.e. build is platform dependent!
2016-06-15 09:39:33,978 [Worker-5] INFO  o.e.m.c.i.embedder.EclipseLogger - Copying 0 resource
2016-06-15 09:39:35,490 [Worker-2] INFO  o.e.m.c.i.l.LifecycleMappingFactory - Using org.eclipse.m2e.jdt.JarLifecycleMapping lifecycle mapping for MavenProject: com.games.app:games:0.0.1-SNAPSHOT @ /Users/torben/Documents/VS/games/pom.xml.
2016-06-15 09:39:36,206 [Worker-3] WARN  o.e.m.c.i.embedder.EclipseLogger - Using platform encoding (UTF-8 actually) to copy filtered resources, i.e. build is platform dependent!
2016-06-15 09:39:36,214 [Worker-3] INFO  o.e.m.c.i.embedder.EclipseLogger - Copying 0 resource
2016-06-15 09:39:36,216 [Worker-3] WARN  o.e.m.c.i.embedder.EclipseLogger - Using platform encoding (UTF-8 actually) to copy filtered resources, i.e. build is platform dependent!
2016-06-15 09:39:36,219 [Worker-3] INFO  o.e.m.c.i.embedder.EclipseLogger - Copying 0 resource
2016-06-15 09:39:37,552 [Worker-5] WARN  o.e.m.c.i.embedder.EclipseLogger - Using platform encoding (UTF-8 actually) to copy filtered resources, i.e. build is platform dependent!
2016-06-15 09:39:37,553 [Worker-5] INFO  o.e.m.c.i.embedder.EclipseLogger - Copying 0 resource
2016-06-15 09:39:37,556 [Worker-5] WARN  o.e.m.c.i.embedder.EclipseLogger - Using platform encoding (UTF-8 actually) to copy filtered resources, i.e. build is platform dependent!
2016-06-15 09:39:37,557 [Worker-5] INFO  o.e.m.c.i.embedder.EclipseLogger - Copying 0 resource
2016-06-15 09:39:43,060 [Worker-6] INFO  o.e.m.c.i.l.LifecycleMappingFactory - Using org.eclipse.m2e.jdt.JarLifecycleMapping lifecycle mapping for MavenProject: com.broker.app:broker:0.0.1-SNAPSHOT @ /Users/torben/Documents/VS/broker/pom.xml.
2016-06-15 09:39:43,336 [Worker-6] WARN  o.e.m.c.i.embedder.EclipseLogger - Using platform encoding (UTF-8 actually) to copy filtered resources, i.e. build is platform dependent!
2016-06-15 09:39:43,337 [Worker-6] INFO  o.e.m.c.i.embedder.EclipseLogger - Copying 0 resource
2016-06-15 09:39:43,339 [Worker-6] WARN  o.e.m.c.i.embedder.EclipseLogger - Using platform encoding (UTF-8 actually) to copy filtered resources, i.e. build is platform dependent!
2016-06-15 09:39:43,340 [Worker-6] INFO  o.e.m.c.i.embedder.EclipseLogger - Copying 0 resource
2016-06-15 09:39:43,665 [Worker-2] INFO  o.e.m.c.i.l.LifecycleMappingFactory - Using org.eclipse.m2e.jdt.JarLifecycleMapping lifecycle mapping for MavenProject: com.broker.app:broker:0.0.1-SNAPSHOT @ /Users/torben/Documents/VS/broker/pom.xml.
2016-06-15 09:39:44,713 [Worker-7] WARN  o.e.m.c.i.embedder.EclipseLogger - Using platform encoding (UTF-8 actually) to copy filtered resources, i.e. build is platform dependent!
2016-06-15 09:39:44,714 [Worker-7] INFO  o.e.m.c.i.embedder.EclipseLogger - Copying 0 resource
2016-06-15 09:39:44,716 [Worker-7] WARN  o.e.m.c.i.embedder.EclipseLogger - Using platform encoding (UTF-8 actually) to copy filtered resources, i.e. build is platform dependent!
2016-06-15 09:39:44,717 [Worker-7] INFO  o.e.m.c.i.embedder.EclipseLogger - Copying 0 resource
2016-06-15 09:40:04,484 [Worker-4] INFO  o.e.m.c.i.l.LifecycleMappingFactory - Using org.eclipse.m2e.jdt.JarLifecycleMapping lifecycle mapping for MavenProject: com.dice.app:dice:0.0.1-SNAPSHOT @ /Users/torben/Documents/VS/dice/pom.xml.
2016-06-15 09:40:04,807 [Worker-4] WARN  o.e.m.c.i.embedder.EclipseLogger - Using platform encoding (UTF-8 actually) to copy filtered resources, i.e. build is platform dependent!
2016-06-15 09:40:04,808 [Worker-4] INFO  o.e.m.c.i.embedder.EclipseLogger - Copying 0 resource
2016-06-15 09:40:04,810 [Worker-4] WARN  o.e.m.c.i.embedder.EclipseLogger - Using platform encoding (UTF-8 actually) to copy filtered resources, i.e. build is platform dependent!
2016-06-15 09:40:04,811 [Worker-4] INFO  o.e.m.c.i.embedder.EclipseLogger - Copying 0 resource
2016-06-15 09:40:05,052 [Worker-5] INFO  o.e.m.c.i.l.LifecycleMappingFactory - Using org.eclipse.m2e.jdt.JarLifecycleMapping lifecycle mapping for MavenProject: com.dice.app:dice:0.0.1-SNAPSHOT @ /Users/torben/Documents/VS/dice/pom.xml.
2016-06-15 09:40:06,093 [Worker-3] WARN  o.e.m.c.i.embedder.EclipseLogger - Using platform encoding (UTF-8 actually) to copy filtered resources, i.e. build is platform dependent!
2016-06-15 09:40:06,095 [Worker-3] INFO  o.e.m.c.i.embedder.EclipseLogger - Copying 0 resource
2016-06-15 09:40:06,097 [Worker-3] WARN  o.e.m.c.i.embedder.EclipseLogger - Using platform encoding (UTF-8 actually) to copy filtered resources, i.e. build is platform dependent!
2016-06-15 09:40:06,097 [Worker-3] INFO  o.e.m.c.i.embedder.EclipseLogger - Copying 0 resource
2016-06-15 09:40:21,520 [Worker-2] INFO  o.e.m.c.i.l.LifecycleMappingFactory - Using org.eclipse.m2e.jdt.JarLifecycleMapping lifecycle mapping for MavenProject: com.users.app:users:0.0.1-SNAPSHOT @ /Users/torben/Documents/VS/users/pom.xml.
2016-06-15 09:40:21,737 [Worker-2] WARN  o.e.m.c.i.embedder.EclipseLogger - Using platform encoding (UTF-8 actually) to copy filtered resources, i.e. build is platform dependent!
2016-06-15 09:40:21,739 [Worker-2] INFO  o.e.m.c.i.embedder.EclipseLogger - Copying 0 resource
2016-06-15 09:40:21,742 [Worker-2] WARN  o.e.m.c.i.embedder.EclipseLogger - Using platform encoding (UTF-8 actually) to copy filtered resources, i.e. build is platform dependent!
2016-06-15 09:40:21,743 [Worker-2] INFO  o.e.m.c.i.embedder.EclipseLogger - Copying 0 resource
2016-06-15 09:40:22,070 [Worker-7] INFO  o.e.m.c.i.l.LifecycleMappingFactory - Using org.eclipse.m2e.jdt.JarLifecycleMapping lifecycle mapping for MavenProject: com.users.app:users:0.0.1-SNAPSHOT @ /Users/torben/Documents/VS/users/pom.xml.
2016-06-15 09:40:23,022 [Worker-4] WARN  o.e.m.c.i.embedder.EclipseLogger - Using platform encoding (UTF-8 actually) to copy filtered resources, i.e. build is platform dependent!
2016-06-15 09:40:23,023 [Worker-4] INFO  o.e.m.c.i.embedder.EclipseLogger - Copying 0 resource
2016-06-15 09:40:23,024 [Worker-4] WARN  o.e.m.c.i.embedder.EclipseLogger - Using platform encoding (UTF-8 actually) to copy filtered resources, i.e. build is platform dependent!
2016-06-15 09:40:23,025 [Worker-4] INFO  o.e.m.c.i.embedder.EclipseLogger - Copying 0 resource
2016-06-15 09:40:43,589 [Worker-7] WARN  o.e.m.c.i.embedder.EclipseLogger - Using platform encoding (UTF-8 actually) to copy filtered resources, i.e. build is platform dependent!
2016-06-15 09:40:43,593 [Worker-7] INFO  o.e.m.c.i.embedder.EclipseLogger - Copying 0 resource
2016-06-15 09:40:43,594 [Worker-7] WARN  o.e.m.c.i.embedder.EclipseLogger - Using platform encoding (UTF-8 actually) to copy filtered resources, i.e. build is platform dependent!
2016-06-15 09:40:43,595 [Worker-7] INFO  o.e.m.c.i.embedder.EclipseLogger - Copying 0 resource
2016-06-15 09:41:12,757 [Worker-6] WARN  o.e.m.c.i.embedder.EclipseLogger - Using platform encoding (UTF-8 actually) to copy filtered resources, i.e. build is platform dependent!
2016-06-15 09:41:12,758 [Worker-6] INFO  o.e.m.c.i.embedder.EclipseLogger - Copying 0 resource
2016-06-15 09:41:12,760 [Worker-6] WARN  o.e.m.c.i.embedder.EclipseLogger - Using platform encoding (UTF-8 actually) to copy filtered resources, i.e. build is platform dependent!
2016-06-15 09:41:12,760 [Worker-6] INFO  o.e.m.c.i.embedder.EclipseLogger - Copying 0 resource
2016-06-15 09:43:02,213 [Worker-2] WARN  o.e.m.c.i.embedder.EclipseLogger - Using platform encoding (UTF-8 actually) to copy filtered resources, i.e. build is platform dependent!
2016-06-15 09:43:02,219 [Worker-2] INFO  o.e.m.c.i.embedder.EclipseLogger - Copying 0 resource
2016-06-15 09:43:02,220 [Worker-2] WARN  o.e.m.c.i.embedder.EclipseLogger - Using platform encoding (UTF-8 actually) to copy filtered resources, i.e. build is platform dependent!
2016-06-15 09:43:02,221 [Worker-2] INFO  o.e.m.c.i.embedder.EclipseLogger - Copying 0 resource
2016-06-15 09:43:20,974 [Worker-6] WARN  o.e.m.c.i.embedder.EclipseLogger - Using platform encoding (UTF-8 actually) to copy filtered resources, i.e. build is platform dependent!
2016-06-15 09:43:20,976 [Worker-6] INFO  o.e.m.c.i.embedder.EclipseLogger - Copying 0 resource
2016-06-15 09:43:20,978 [Worker-6] WARN  o.e.m.c.i.embedder.EclipseLogger - Using platform encoding (UTF-8 actually) to copy filtered resources, i.e. build is platform dependent!
2016-06-15 09:43:20,979 [Worker-6] INFO  o.e.m.c.i.embedder.EclipseLogger - Copying 0 resource
2016-06-15 09:44:18,389 [Worker-2] WARN  o.e.m.c.i.embedder.EclipseLogger - Using platform encoding (UTF-8 actually) to copy filtered resources, i.e. build is platform dependent!
2016-06-15 09:44:18,393 [Worker-2] INFO  o.e.m.c.i.embedder.EclipseLogger - Copying 0 resource
2016-06-15 09:44:18,395 [Worker-2] WARN  o.e.m.c.i.embedder.EclipseLogger - Using platform encoding (UTF-8 actually) to copy filtered resources, i.e. build is platform dependent!
2016-06-15 09:44:18,396 [Worker-2] INFO  o.e.m.c.i.embedder.EclipseLogger - Copying 0 resource
2016-06-15 09:45:04,148 [Worker-7] WARN  o.e.m.c.i.embedder.EclipseLogger - Using platform encoding (UTF-8 actually) to copy filtered resources, i.e. build is platform dependent!
2016-06-15 09:45:04,152 [Worker-7] INFO  o.e.m.c.i.embedder.EclipseLogger - Copying 0 resource
2016-06-15 09:45:04,154 [Worker-7] WARN  o.e.m.c.i.embedder.EclipseLogger - Using platform encoding (UTF-8 actually) to copy filtered resources, i.e. build is platform dependent!
2016-06-15 09:45:04,156 [Worker-7] INFO  o.e.m.c.i.embedder.EclipseLogger - Copying 0 resource
2016-06-15 09:45:35,272 [Worker-2] WARN  o.e.m.c.i.embedder.EclipseLogger - Using platform encoding (UTF-8 actually) to copy filtered resources, i.e. build is platform dependent!
2016-06-15 09:45:35,274 [Worker-2] INFO  o.e.m.c.i.embedder.EclipseLogger - Copying 0 resource
2016-06-15 09:45:35,281 [Worker-2] WARN  o.e.m.c.i.embedder.EclipseLogger - Using platform encoding (UTF-8 actually) to copy filtered resources, i.e. build is platform dependent!
2016-06-15 09:45:35,282 [Worker-2] INFO  o.e.m.c.i.embedder.EclipseLogger - Copying 0 resource
2016-06-15 09:45:45,114 [Worker-4] WARN  o.e.m.c.i.embedder.EclipseLogger - Using platform encoding (UTF-8 actually) to copy filtered resources, i.e. build is platform dependent!
2016-06-15 09:45:45,117 [Worker-4] INFO  o.e.m.c.i.embedder.EclipseLogger - Copying 0 resource
2016-06-15 09:45:45,118 [Worker-4] WARN  o.e.m.c.i.embedder.EclipseLogger - Using platform encoding (UTF-8 actually) to copy filtered resources, i.e. build is platform dependent!
2016-06-15 09:45:45,120 [Worker-4] INFO  o.e.m.c.i.embedder.EclipseLogger - Copying 0 resource
2016-06-15 09:46:28,283 [Worker-0] WARN  o.e.m.c.i.embedder.EclipseLogger - Using platform encoding (UTF-8 actually) to copy filtered resources, i.e. build is platform dependent!
2016-06-15 09:46:28,284 [Worker-0] INFO  o.e.m.c.i.embedder.EclipseLogger - Copying 0 resource
2016-06-15 09:46:28,286 [Worker-0] WARN  o.e.m.c.i.embedder.EclipseLogger - Using platform encoding (UTF-8 actually) to copy filtered resources, i.e. build is platform dependent!
2016-06-15 09:46:28,287 [Worker-0] INFO  o.e.m.c.i.embedder.EclipseLogger - Copying 0 resource
2016-06-15 09:46:34,518 [Worker-5] WARN  o.e.m.c.i.embedder.EclipseLogger - Using platform encoding (UTF-8 actually) to copy filtered resources, i.e. build is platform dependent!
2016-06-15 09:46:34,519 [Worker-5] INFO  o.e.m.c.i.embedder.EclipseLogger - Copying 0 resource
2016-06-15 09:46:34,520 [Worker-5] WARN  o.e.m.c.i.embedder.EclipseLogger - Using platform encoding (UTF-8 actually) to copy filtered resources, i.e. build is platform dependent!
2016-06-15 09:46:34,521 [Worker-5] INFO  o.e.m.c.i.embedder.EclipseLogger - Copying 0 resource
2016-06-15 09:47:10,687 [Worker-2] WARN  o.e.m.c.i.embedder.EclipseLogger - Using platform encoding (UTF-8 actually) to copy filtered resources, i.e. build is platform dependent!
2016-06-15 09:47:10,689 [Worker-2] INFO  o.e.m.c.i.embedder.EclipseLogger - Copying 0 resource
2016-06-15 09:47:10,691 [Worker-2] WARN  o.e.m.c.i.embedder.EclipseLogger - Using platform encoding (UTF-8 actually) to copy filtered resources, i.e. build is platform dependent!
2016-06-15 09:47:10,692 [Worker-2] INFO  o.e.m.c.i.embedder.EclipseLogger - Copying 0 resource
2016-06-15 09:47:31,293 [Worker-6] WARN  o.e.m.c.i.embedder.EclipseLogger - Using platform encoding (UTF-8 actually) to copy filtered resources, i.e. build is platform dependent!
2016-06-15 09:47:31,296 [Worker-6] INFO  o.e.m.c.i.embedder.EclipseLogger - Copying 0 resource
2016-06-15 09:47:31,297 [Worker-6] WARN  o.e.m.c.i.embedder.EclipseLogger - Using platform encoding (UTF-8 actually) to copy filtered resources, i.e. build is platform dependent!
2016-06-15 09:47:31,298 [Worker-6] INFO  o.e.m.c.i.embedder.EclipseLogger - Copying 0 resource
2016-06-15 09:47:45,715 [Worker-0] WARN  o.e.m.c.i.embedder.EclipseLogger - Using platform encoding (UTF-8 actually) to copy filtered resources, i.e. build is platform dependent!
2016-06-15 09:47:45,716 [Worker-0] INFO  o.e.m.c.i.embedder.EclipseLogger - Copying 0 resource
2016-06-15 09:47:45,718 [Worker-0] WARN  o.e.m.c.i.embedder.EclipseLogger - Using platform encoding (UTF-8 actually) to copy filtered resources, i.e. build is platform dependent!
2016-06-15 09:47:45,718 [Worker-0] INFO  o.e.m.c.i.embedder.EclipseLogger - Copying 0 resource
2016-06-15 09:48:26,238 [Worker-3] WARN  o.e.m.c.i.embedder.EclipseLogger - Using platform encoding (UTF-8 actually) to copy filtered resources, i.e. build is platform dependent!
2016-06-15 09:48:26,240 [Worker-3] INFO  o.e.m.c.i.embedder.EclipseLogger - Copying 0 resource
2016-06-15 09:48:26,241 [Worker-3] WARN  o.e.m.c.i.embedder.EclipseLogger - Using platform encoding (UTF-8 actually) to copy filtered resources, i.e. build is platform dependent!
2016-06-15 09:48:26,242 [Worker-3] INFO  o.e.m.c.i.embedder.EclipseLogger - Copying 0 resource
2016-06-15 09:49:52,425 [Worker-7] WARN  o.e.m.c.i.embedder.EclipseLogger - Using platform encoding (UTF-8 actually) to copy filtered resources, i.e. build is platform dependent!
2016-06-15 09:49:52,429 [Worker-7] INFO  o.e.m.c.i.embedder.EclipseLogger - Copying 0 resource
2016-06-15 09:49:52,431 [Worker-7] WARN  o.e.m.c.i.embedder.EclipseLogger - Using platform encoding (UTF-8 actually) to copy filtered resources, i.e. build is platform dependent!
2016-06-15 09:49:52,432 [Worker-7] INFO  o.e.m.c.i.embedder.EclipseLogger - Copying 0 resource
2016-06-15 09:49:58,620 [Worker-4] WARN  o.e.m.c.i.embedder.EclipseLogger - Using platform encoding (UTF-8 actually) to copy filtered resources, i.e. build is platform dependent!
2016-06-15 09:49:58,620 [Worker-4] INFO  o.e.m.c.i.embedder.EclipseLogger - Copying 0 resource
2016-06-15 09:49:58,621 [Worker-4] WARN  o.e.m.c.i.embedder.EclipseLogger - Using platform encoding (UTF-8 actually) to copy filtered resources, i.e. build is platform dependent!
2016-06-15 09:49:58,622 [Worker-4] INFO  o.e.m.c.i.embedder.EclipseLogger - Copying 0 resource
2016-06-15 09:49:59,854 [Worker-7] WARN  o.e.m.c.i.embedder.EclipseLogger - Using platform encoding (UTF-8 actually) to copy filtered resources, i.e. build is platform dependent!
2016-06-15 09:49:59,855 [Worker-7] INFO  o.e.m.c.i.embedder.EclipseLogger - Copying 0 resource
2016-06-15 09:49:59,857 [Worker-7] WARN  o.e.m.c.i.embedder.EclipseLogger - Using platform encoding (UTF-8 actually) to copy filtered resources, i.e. build is platform dependent!
2016-06-15 09:49:59,857 [Worker-7] INFO  o.e.m.c.i.embedder.EclipseLogger - Copying 0 resource
2016-06-15 09:50:02,183 [Worker-6] WARN  o.e.m.c.i.embedder.EclipseLogger - Using platform encoding (UTF-8 actually) to copy filtered resources, i.e. build is platform dependent!
2016-06-15 09:50:02,184 [Worker-6] INFO  o.e.m.c.i.embedder.EclipseLogger - Copying 0 resource
2016-06-15 09:50:02,185 [Worker-6] WARN  o.e.m.c.i.embedder.EclipseLogger - Using platform encoding (UTF-8 actually) to copy filtered resources, i.e. build is platform dependent!
2016-06-15 09:50:02,186 [Worker-6] INFO  o.e.m.c.i.embedder.EclipseLogger - Copying 0 resource
2016-06-15 09:50:57,642 [Worker-6] WARN  o.e.m.c.i.embedder.EclipseLogger - Using platform encoding (UTF-8 actually) to copy filtered resources, i.e. build is platform dependent!
2016-06-15 09:50:57,643 [Worker-6] INFO  o.e.m.c.i.embedder.EclipseLogger - Copying 0 resource
2016-06-15 09:50:57,644 [Worker-6] WARN  o.e.m.c.i.embedder.EclipseLogger - Using platform encoding (UTF-8 actually) to copy filtered resources, i.e. build is platform dependent!
2016-06-15 09:50:57,645 [Worker-6] INFO  o.e.m.c.i.embedder.EclipseLogger - Copying 0 resource
2016-06-15 09:51:02,131 [Worker-4] WARN  o.e.m.c.i.embedder.EclipseLogger - Using platform encoding (UTF-8 actually) to copy filtered resources, i.e. build is platform dependent!
2016-06-15 09:51:02,132 [Worker-4] INFO  o.e.m.c.i.embedder.EclipseLogger - Copying 0 resource
2016-06-15 09:51:02,134 [Worker-4] WARN  o.e.m.c.i.embedder.EclipseLogger - Using platform encoding (UTF-8 actually) to copy filtered resources, i.e. build is platform dependent!
2016-06-15 09:51:02,134 [Worker-4] INFO  o.e.m.c.i.embedder.EclipseLogger - Copying 0 resource
2016-06-15 09:51:58,023 [Worker-2] WARN  o.e.m.c.i.embedder.EclipseLogger - Using platform encoding (UTF-8 actually) to copy filtered resources, i.e. build is platform dependent!
2016-06-15 09:51:58,024 [Worker-2] INFO  o.e.m.c.i.embedder.EclipseLogger - Copying 0 resource
2016-06-15 09:51:58,026 [Worker-2] WARN  o.e.m.c.i.embedder.EclipseLogger - Using platform encoding (UTF-8 actually) to copy filtered resources, i.e. build is platform dependent!
2016-06-15 09:51:58,027 [Worker-2] INFO  o.e.m.c.i.embedder.EclipseLogger - Copying 0 resource
2016-06-15 09:52:13,386 [Worker-3] WARN  o.e.m.c.i.embedder.EclipseLogger - Using platform encoding (UTF-8 actually) to copy filtered resources, i.e. build is platform dependent!
2016-06-15 09:52:13,387 [Worker-3] INFO  o.e.m.c.i.embedder.EclipseLogger - Copying 0 resource
2016-06-15 09:52:13,388 [Worker-3] WARN  o.e.m.c.i.embedder.EclipseLogger - Using platform encoding (UTF-8 actually) to copy filtered resources, i.e. build is platform dependent!
2016-06-15 09:52:13,389 [Worker-3] INFO  o.e.m.c.i.embedder.EclipseLogger - Copying 0 resource
2016-06-15 09:52:25,221 [Worker-2] WARN  o.e.m.c.i.embedder.EclipseLogger - Using platform encoding (UTF-8 actually) to copy filtered resources, i.e. build is platform dependent!
2016-06-15 09:52:25,222 [Worker-2] INFO  o.e.m.c.i.embedder.EclipseLogger - Copying 0 resource
2016-06-15 09:52:25,224 [Worker-2] WARN  o.e.m.c.i.embedder.EclipseLogger - Using platform encoding (UTF-8 actually) to copy filtered resources, i.e. build is platform dependent!
2016-06-15 09:52:25,225 [Worker-2] INFO  o.e.m.c.i.embedder.EclipseLogger - Copying 0 resource
2016-06-15 09:52:31,906 [Worker-7] WARN  o.e.m.c.i.embedder.EclipseLogger - Using platform encoding (UTF-8 actually) to copy filtered resources, i.e. build is platform dependent!
2016-06-15 09:52:31,907 [Worker-7] INFO  o.e.m.c.i.embedder.EclipseLogger - Copying 0 resource
2016-06-15 09:52:31,909 [Worker-7] WARN  o.e.m.c.i.embedder.EclipseLogger - Using platform encoding (UTF-8 actually) to copy filtered resources, i.e. build is platform dependent!
2016-06-15 09:52:31,909 [Worker-7] INFO  o.e.m.c.i.embedder.EclipseLogger - Copying 0 resource
2016-06-15 09:52:43,854 [Worker-2] WARN  o.e.m.c.i.embedder.EclipseLogger - Using platform encoding (UTF-8 actually) to copy filtered resources, i.e. build is platform dependent!
2016-06-15 09:52:43,855 [Worker-2] INFO  o.e.m.c.i.embedder.EclipseLogger - Copying 0 resource
2016-06-15 09:52:43,856 [Worker-2] WARN  o.e.m.c.i.embedder.EclipseLogger - Using platform encoding (UTF-8 actually) to copy filtered resources, i.e. build is platform dependent!
2016-06-15 09:52:43,857 [Worker-2] INFO  o.e.m.c.i.embedder.EclipseLogger - Copying 0 resource
2016-06-15 09:52:50,362 [Worker-3] WARN  o.e.m.c.i.embedder.EclipseLogger - Using platform encoding (UTF-8 actually) to copy filtered resources, i.e. build is platform dependent!
2016-06-15 09:52:50,363 [Worker-3] INFO  o.e.m.c.i.embedder.EclipseLogger - Copying 0 resource
2016-06-15 09:52:50,364 [Worker-3] WARN  o.e.m.c.i.embedder.EclipseLogger - Using platform encoding (UTF-8 actually) to copy filtered resources, i.e. build is platform dependent!
2016-06-15 09:52:50,365 [Worker-3] INFO  o.e.m.c.i.embedder.EclipseLogger - Copying 0 resource
2016-06-15 09:54:28,234 [Worker-5] WARN  o.e.m.c.i.embedder.EclipseLogger - Using platform encoding (UTF-8 actually) to copy filtered resources, i.e. build is platform dependent!
2016-06-15 09:54:28,236 [Worker-5] INFO  o.e.m.c.i.embedder.EclipseLogger - Copying 0 resource
2016-06-15 09:54:28,238 [Worker-5] WARN  o.e.m.c.i.embedder.EclipseLogger - Using platform encoding (UTF-8 actually) to copy filtered resources, i.e. build is platform dependent!
2016-06-15 09:54:28,239 [Worker-5] INFO  o.e.m.c.i.embedder.EclipseLogger - Copying 0 resource
2016-06-15 09:54:38,694 [Worker-2] WARN  o.e.m.c.i.embedder.EclipseLogger - Using platform encoding (UTF-8 actually) to copy filtered resources, i.e. build is platform dependent!
2016-06-15 09:54:38,695 [Worker-2] INFO  o.e.m.c.i.embedder.EclipseLogger - Copying 0 resource
2016-06-15 09:54:38,697 [Worker-2] WARN  o.e.m.c.i.embedder.EclipseLogger - Using platform encoding (UTF-8 actually) to copy filtered resources, i.e. build is platform dependent!
2016-06-15 09:54:38,697 [Worker-2] INFO  o.e.m.c.i.embedder.EclipseLogger - Copying 0 resource
2016-06-15 09:54:50,548 [Worker-2] WARN  o.e.m.c.i.embedder.EclipseLogger - Using platform encoding (UTF-8 actually) to copy filtered resources, i.e. build is platform dependent!
2016-06-15 09:54:50,549 [Worker-2] INFO  o.e.m.c.i.embedder.EclipseLogger - Copying 0 resource
2016-06-15 09:54:50,551 [Worker-2] WARN  o.e.m.c.i.embedder.EclipseLogger - Using platform encoding (UTF-8 actually) to copy filtered resources, i.e. build is platform dependent!
2016-06-15 09:54:50,551 [Worker-2] INFO  o.e.m.c.i.embedder.EclipseLogger - Copying 0 resource
2016-06-15 09:55:47,337 [Worker-6] WARN  o.e.m.c.i.embedder.EclipseLogger - Using platform encoding (UTF-8 actually) to copy filtered resources, i.e. build is platform dependent!
2016-06-15 09:55:47,337 [Worker-6] INFO  o.e.m.c.i.embedder.EclipseLogger - Copying 0 resource
2016-06-15 09:55:47,339 [Worker-6] WARN  o.e.m.c.i.embedder.EclipseLogger - Using platform encoding (UTF-8 actually) to copy filtered resources, i.e. build is platform dependent!
2016-06-15 09:55:47,339 [Worker-6] INFO  o.e.m.c.i.embedder.EclipseLogger - Copying 0 resource
2016-06-15 09:56:36,067 [Worker-7] WARN  o.e.m.c.i.embedder.EclipseLogger - Using platform encoding (UTF-8 actually) to copy filtered resources, i.e. build is platform dependent!
2016-06-15 09:56:36,069 [Worker-7] INFO  o.e.m.c.i.embedder.EclipseLogger - Copying 0 resource
2016-06-15 09:56:36,070 [Worker-7] WARN  o.e.m.c.i.embedder.EclipseLogger - Using platform encoding (UTF-8 actually) to copy filtered resources, i.e. build is platform dependent!
2016-06-15 09:56:36,071 [Worker-7] INFO  o.e.m.c.i.embedder.EclipseLogger - Copying 0 resource
2016-06-15 09:56:37,163 [Worker-0] WARN  o.e.m.c.i.embedder.EclipseLogger - Using platform encoding (UTF-8 actually) to copy filtered resources, i.e. build is platform dependent!
2016-06-15 09:56:37,164 [Worker-0] INFO  o.e.m.c.i.embedder.EclipseLogger - Copying 0 resource
2016-06-15 09:56:37,165 [Worker-0] WARN  o.e.m.c.i.embedder.EclipseLogger - Using platform encoding (UTF-8 actually) to copy filtered resources, i.e. build is platform dependent!
2016-06-15 09:56:37,166 [Worker-0] INFO  o.e.m.c.i.embedder.EclipseLogger - Copying 0 resource
2016-06-15 09:56:48,301 [Worker-4] WARN  o.e.m.c.i.embedder.EclipseLogger - Using platform encoding (UTF-8 actually) to copy filtered resources, i.e. build is platform dependent!
2016-06-15 09:56:48,302 [Worker-4] INFO  o.e.m.c.i.embedder.EclipseLogger - Copying 0 resource
2016-06-15 09:56:48,303 [Worker-4] WARN  o.e.m.c.i.embedder.EclipseLogger - Using platform encoding (UTF-8 actually) to copy filtered resources, i.e. build is platform dependent!
2016-06-15 09:56:48,304 [Worker-4] INFO  o.e.m.c.i.embedder.EclipseLogger - Copying 0 resource
2016-06-15 09:57:09,019 [Worker-4] WARN  o.e.m.c.i.embedder.EclipseLogger - Using platform encoding (UTF-8 actually) to copy filtered resources, i.e. build is platform dependent!
2016-06-15 09:57:09,022 [Worker-4] INFO  o.e.m.c.i.embedder.EclipseLogger - Copying 0 resource
2016-06-15 09:57:09,023 [Worker-4] WARN  o.e.m.c.i.embedder.EclipseLogger - Using platform encoding (UTF-8 actually) to copy filtered resources, i.e. build is platform dependent!
2016-06-15 09:57:09,024 [Worker-4] INFO  o.e.m.c.i.embedder.EclipseLogger - Copying 0 resource
2016-06-15 09:57:18,926 [Worker-1] WARN  o.e.m.c.i.embedder.EclipseLogger - Using platform encoding (UTF-8 actually) to copy filtered resources, i.e. build is platform dependent!
2016-06-15 09:57:18,927 [Worker-1] INFO  o.e.m.c.i.embedder.EclipseLogger - Copying 0 resource
2016-06-15 09:57:18,928 [Worker-1] WARN  o.e.m.c.i.embedder.EclipseLogger - Using platform encoding (UTF-8 actually) to copy filtered resources, i.e. build is platform dependent!
2016-06-15 09:57:18,928 [Worker-1] INFO  o.e.m.c.i.embedder.EclipseLogger - Copying 0 resource
2016-06-15 09:57:23,328 [Worker-0] WARN  o.e.m.c.i.embedder.EclipseLogger - Using platform encoding (UTF-8 actually) to copy filtered resources, i.e. build is platform dependent!
2016-06-15 09:57:23,329 [Worker-0] INFO  o.e.m.c.i.embedder.EclipseLogger - Copying 0 resource
2016-06-15 09:57:23,331 [Worker-0] WARN  o.e.m.c.i.embedder.EclipseLogger - Using platform encoding (UTF-8 actually) to copy filtered resources, i.e. build is platform dependent!
2016-06-15 09:57:23,331 [Worker-0] INFO  o.e.m.c.i.embedder.EclipseLogger - Copying 0 resource
2016-06-15 09:57:32,838 [Worker-5] WARN  o.e.m.c.i.embedder.EclipseLogger - Using platform encoding (UTF-8 actually) to copy filtered resources, i.e. build is platform dependent!
2016-06-15 09:57:32,839 [Worker-5] INFO  o.e.m.c.i.embedder.EclipseLogger - Copying 0 resource
2016-06-15 09:57:32,841 [Worker-5] WARN  o.e.m.c.i.embedder.EclipseLogger - Using platform encoding (UTF-8 actually) to copy filtered resources, i.e. build is platform dependent!
2016-06-15 09:57:32,841 [Worker-5] INFO  o.e.m.c.i.embedder.EclipseLogger - Copying 0 resource
